<?xml version="1.0" encoding="UTF-8"?>
<!-- Generated by org.testng.reporters.JUnitReportReporter -->
<testsuite skipped="0" hostname="DESKTOP-GPKQ1Q3" name="com.w2a.testcase.homepagelaunch" tests="1" failures="0" timestamp="08 Jul 2019 19:35:18 GMT" time="2.007" errors="0">
  <testcase name="homepagelaunch" time="2.007" classname="com.w2a.testcase.homepagelaunch"/>
</testsuite> <!-- com.w2a.testcase.homepagelaunch -->
