<?xml version="1.0" encoding="UTF-8"?>
<!-- Generated by org.testng.reporters.JUnitReportReporter -->
<testsuite skipped="0" hostname="Aysilver" name="com.w2a.testcase.ResetPasswordTest" tests="1" failures="0" timestamp="08 Jul 2019 14:36:09 GMT" time="14.000" errors="0">
  <testcase name="ResetPassword" time="14.000" classname="com.w2a.testcase.ResetPasswordTest"/>
</testsuite> <!-- com.w2a.testcase.ResetPasswordTest -->
