<?xml version="1.0" encoding="UTF-8"?>
<!-- Generated by org.testng.reporters.JUnitReportReporter -->
<testsuite skipped="0" hostname="Aysilver" name="com.w2a.testcase.ForgotPasswordTest" tests="1" failures="0" timestamp="08 Jul 2019 18:42:45 GMT" time="24.728" errors="0">
  <testcase name="InvalidLogin" time="24.728" classname="com.w2a.testcase.ForgotPasswordTest"/>
</testsuite> <!-- com.w2a.testcase.ForgotPasswordTest -->
