<?xml version="1.0" encoding="UTF-8"?>
<!-- Generated by org.testng.reporters.JUnitReportReporter -->
<testsuite skipped="0" hostname="DESKTOP-GPKQ1Q3" name="com.w2a.testcase.HomepageLaunch" tests="1" failures="0" timestamp="13 Jul 2019 21:15:36 GMT" time="2.030" errors="0">
  <testcase name="homepagelaunch" time="2.030" classname="com.w2a.testcase.HomepageLaunch"/>
</testsuite> <!-- com.w2a.testcase.HomepageLaunch -->
