<?xml version="1.0" encoding="UTF-8"?>
<!-- Generated by org.testng.reporters.JUnitReportReporter -->
<testsuite skipped="0" hostname="Aysilver" name="com.w2a.testcase.InvalidLoginTest" tests="1" failures="0" timestamp="08 Jul 2019 11:07:13 GMT" time="29.850" errors="0">
  <testcase name="InvalidLogin" time="29.850" classname="com.w2a.testcase.InvalidLoginTest"/>
</testsuite> <!-- com.w2a.testcase.InvalidLoginTest -->
